#-----------------------------------------------------------
# Vivado v2020.2 (64-bit)
# SW Build 3064766 on Wed Nov 18 09:12:45 MST 2020
# IP Build 3064653 on Wed Nov 18 14:17:31 MST 2020
# Start of session at: Tue Mar 16 20:08:02 2021
# Process ID: 14348
# Current directory: G:/Documents/Tomas-Skurla/Digital-electronics-1/Labs/05-counter/counter
# Command line: vivado.exe -gui_launcher_event rodinguilauncherevent11704 G:\Documents\Tomas-Skurla\Digital-electronics-1\Labs\05-counter\counter\counter.xpr
# Log file: G:/Documents/Tomas-Skurla/Digital-electronics-1/Labs/05-counter/counter/vivado.log
# Journal file: G:/Documents/Tomas-Skurla/Digital-electronics-1/Labs/05-counter/counter\vivado.jou
#-----------------------------------------------------------
start_gui
open_project G:/Documents/Tomas-Skurla/Digital-electronics-1/Labs/05-counter/counter/counter.xpr
WARNING: [filemgmt 56-3] Default IP Output Path : Could not find the directory 'G:/Documents/Tomas-Skurla/Digital-electronics-1/Labs/05-counter/counter/counter.gen/sources_1'.
Scanning sources...
Finished scanning sources
INFO: [IP_Flow 19-234] Refreshing IP repositories
INFO: [IP_Flow 19-1704] No user IP repositories specified
INFO: [IP_Flow 19-2313] Loaded Vivado IP repository 'D:/Xilinx/Vivado/2020.2/data/ip'.
open_project: Time (s): cpu = 00:00:14 ; elapsed = 00:00:12 . Memory (MB): peak = 1003.039 ; gain = 0.000
update_compile_order -fileset sources_1
launch_simulation
Command: launch_simulation 
INFO: [Vivado 12-5682] Launching behavioral simulation in 'G:/Documents/Tomas-Skurla/Digital-electronics-1/Labs/05-counter/counter/counter.sim/sim_1/behav/xsim'
INFO: [SIM-utils-51] Simulation object is 'sim_1'
INFO: [SIM-utils-54] Inspecting design source files for 'tb_cnt_up_down' in fileset 'sim_1'...
INFO: [USF-XSim-97] Finding global include files...
INFO: [USF-XSim-98] Fetching design files from 'sim_1'...
INFO: [USF-XSim-2] XSim::Compile design
INFO: [USF-XSim-61] Executing 'COMPILE and ANALYZE' step in 'G:/Documents/Tomas-Skurla/Digital-electronics-1/Labs/05-counter/counter/counter.sim/sim_1/behav/xsim'
"xvhdl --incr --relax -prj tb_cnt_up_down_vhdl.prj"
INFO: [USF-XSim-69] 'compile' step finished in '3' seconds
INFO: [USF-XSim-3] XSim::Elaborate design
INFO: [USF-XSim-61] Executing 'ELABORATE' step in 'G:/Documents/Tomas-Skurla/Digital-electronics-1/Labs/05-counter/counter/counter.sim/sim_1/behav/xsim'
"xelab -wto 95c761a228a5406887b7ed5b7635e84e --incr --debug typical --relax --mt 2 -L xil_defaultlib -L secureip --snapshot tb_cnt_up_down_behav xil_defaultlib.tb_cnt_up_down -log elaborate.log"
Vivado Simulator 2020.2
Copyright 1986-1999, 2001-2020 Xilinx, Inc. All Rights Reserved.
Running: D:/Xilinx/Vivado/2020.2/bin/unwrapped/win64.o/xelab.exe -wto 95c761a228a5406887b7ed5b7635e84e --incr --debug typical --relax --mt 2 -L xil_defaultlib -L secureip --snapshot tb_cnt_up_down_behav xil_defaultlib.tb_cnt_up_down -log elaborate.log 
Using 2 slave threads.
Starting static elaboration
WARNING: [VRFC 10-8437] comparison between unequal length arrays always returns FALSE, left argument length 5 is different from right argument length 4 for 'std_logic_vector_93' array [G:/Documents/Tomas-Skurla/Digital-electronics-1/Labs/05-counter/counter/counter.srcs/sim_1/new/tb_cnt_up_down.vhd:107]
WARNING: [VRFC 10-8437] comparison between unequal length arrays always returns FALSE, left argument length 5 is different from right argument length 4 for 'std_logic_vector_93' array [G:/Documents/Tomas-Skurla/Digital-electronics-1/Labs/05-counter/counter/counter.srcs/sim_1/new/tb_cnt_up_down.vhd:113]
WARNING: [VRFC 10-8437] comparison between unequal length arrays always returns FALSE, left argument length 5 is different from right argument length 4 for 'std_logic_vector_93' array [G:/Documents/Tomas-Skurla/Digital-electronics-1/Labs/05-counter/counter/counter.srcs/sim_1/new/tb_cnt_up_down.vhd:119]
WARNING: [VRFC 10-8437] comparison between unequal length arrays always returns FALSE, left argument length 5 is different from right argument length 4 for 'std_logic_vector_93' array [G:/Documents/Tomas-Skurla/Digital-electronics-1/Labs/05-counter/counter/counter.srcs/sim_1/new/tb_cnt_up_down.vhd:127]
Completed static elaboration
INFO: [XSIM 43-4323] No Change in HDL. Linking previously generated obj files to create kernel
INFO: [USF-XSim-69] 'elaborate' step finished in '4' seconds
INFO: [USF-XSim-4] XSim::Simulate design
INFO: [USF-XSim-61] Executing 'SIMULATE' step in 'G:/Documents/Tomas-Skurla/Digital-electronics-1/Labs/05-counter/counter/counter.sim/sim_1/behav/xsim'
INFO: [USF-XSim-98] *** Running xsim
   with args "tb_cnt_up_down_behav -key {Behavioral:sim_1:Functional:tb_cnt_up_down} -tclbatch {tb_cnt_up_down.tcl} -view {G:/Documents/Tomas-Skurla/Digital-electronics-1/Labs/05-counter/counter/tb_cnt_up_down_behav.wcfg} -log {simulate.log}"
INFO: [USF-XSim-8] Loading simulator feature
Vivado Simulator 2020.2
Time resolution is 1 ps
open_wave_config G:/Documents/Tomas-Skurla/Digital-electronics-1/Labs/05-counter/counter/tb_cnt_up_down_behav.wcfg
source tb_cnt_up_down.tcl
# set curr_wave [current_wave_config]
# if { [string length $curr_wave] == 0 } {
#   if { [llength [get_objects]] > 0} {
#     add_wave /
#     set_property needs_save false [current_wave_config]
#   } else {
#      send_msg_id Add_Wave-1 WARNING "No top level signals found. Simulator will start without a wave window. If you want to open a wave window go to 'File->New Waveform Configuration' or type 'create_wave_config' in the TCL console."
#   }
# }
# run 800ns
Note: Stimulus process started
Time: 0 ps  Iteration: 0  Process: /tb_cnt_up_down/p_stimulus  File: G:/Documents/Tomas-Skurla/Digital-electronics-1/Labs/05-counter/counter/counter.srcs/sim_1/new/tb_cnt_up_down.vhd
Error: Test failed for input on 230ns
Time: 230 ns  Iteration: 0  Process: /tb_cnt_up_down/p_stimulus  File: G:/Documents/Tomas-Skurla/Digital-electronics-1/Labs/05-counter/counter/counter.srcs/sim_1/new/tb_cnt_up_down.vhd
Error: Test failed for input on 240ns
Time: 240 ns  Iteration: 0  Process: /tb_cnt_up_down/p_stimulus  File: G:/Documents/Tomas-Skurla/Digital-electronics-1/Labs/05-counter/counter/counter.srcs/sim_1/new/tb_cnt_up_down.vhd
Error: Test failed for input on 380ns
Time: 380 ns  Iteration: 0  Process: /tb_cnt_up_down/p_stimulus  File: G:/Documents/Tomas-Skurla/Digital-electronics-1/Labs/05-counter/counter/counter.srcs/sim_1/new/tb_cnt_up_down.vhd
Error: Test failed for input on 600ns
Time: 600 ns  Iteration: 0  Process: /tb_cnt_up_down/p_stimulus  File: G:/Documents/Tomas-Skurla/Digital-electronics-1/Labs/05-counter/counter/counter.srcs/sim_1/new/tb_cnt_up_down.vhd
Note: Stimulus process finished
Time: 600 ns  Iteration: 0  Process: /tb_cnt_up_down/p_stimulus  File: G:/Documents/Tomas-Skurla/Digital-electronics-1/Labs/05-counter/counter/counter.srcs/sim_1/new/tb_cnt_up_down.vhd
INFO: [USF-XSim-96] XSim completed. Design snapshot 'tb_cnt_up_down_behav' loaded.
INFO: [USF-XSim-97] XSim simulation ran for 800ns
launch_simulation: Time (s): cpu = 00:00:11 ; elapsed = 00:00:12 . Memory (MB): peak = 1003.039 ; gain = 0.000
close_sim
INFO: [Simtcl 6-16] Simulation closed
launch_simulation
Command: launch_simulation 
INFO: [Vivado 12-5682] Launching behavioral simulation in 'G:/Documents/Tomas-Skurla/Digital-electronics-1/Labs/05-counter/counter/counter.sim/sim_1/behav/xsim'
INFO: [SIM-utils-51] Simulation object is 'sim_1'
INFO: [SIM-utils-54] Inspecting design source files for 'tb_cnt_up_down' in fileset 'sim_1'...
INFO: [USF-XSim-97] Finding global include files...
INFO: [USF-XSim-98] Fetching design files from 'sim_1'...
INFO: [USF-XSim-2] XSim::Compile design
INFO: [USF-XSim-61] Executing 'COMPILE and ANALYZE' step in 'G:/Documents/Tomas-Skurla/Digital-electronics-1/Labs/05-counter/counter/counter.sim/sim_1/behav/xsim'
"xvhdl --incr --relax -prj tb_cnt_up_down_vhdl.prj"
INFO: [VRFC 10-163] Analyzing VHDL file "G:/Documents/Tomas-Skurla/Digital-electronics-1/Labs/05-counter/counter/counter.srcs/sim_1/new/tb_cnt_up_down.vhd" into library xil_defaultlib
INFO: [VRFC 10-3107] analyzing entity 'tb_cnt_up_down'
INFO: [USF-XSim-69] 'compile' step finished in '1' seconds
INFO: [USF-XSim-3] XSim::Elaborate design
INFO: [USF-XSim-61] Executing 'ELABORATE' step in 'G:/Documents/Tomas-Skurla/Digital-electronics-1/Labs/05-counter/counter/counter.sim/sim_1/behav/xsim'
"xelab -wto 95c761a228a5406887b7ed5b7635e84e --incr --debug typical --relax --mt 2 -L xil_defaultlib -L secureip --snapshot tb_cnt_up_down_behav xil_defaultlib.tb_cnt_up_down -log elaborate.log"
Vivado Simulator 2020.2
Copyright 1986-1999, 2001-2020 Xilinx, Inc. All Rights Reserved.
Running: D:/Xilinx/Vivado/2020.2/bin/unwrapped/win64.o/xelab.exe -wto 95c761a228a5406887b7ed5b7635e84e --incr --debug typical --relax --mt 2 -L xil_defaultlib -L secureip --snapshot tb_cnt_up_down_behav xil_defaultlib.tb_cnt_up_down -log elaborate.log 
Using 2 slave threads.
Starting static elaboration
Completed static elaboration
Starting simulation data flow analysis
Completed simulation data flow analysis
Time Resolution for simulation is 1ps
Compiling package std.standard
Compiling package std.textio
Compiling package ieee.std_logic_1164
Compiling package ieee.numeric_std
Compiling architecture behavioral of entity xil_defaultlib.cnt_up_down [cnt_up_down_default]
Compiling architecture testbench of entity xil_defaultlib.tb_cnt_up_down
Built simulation snapshot tb_cnt_up_down_behav
run_program: Time (s): cpu = 00:00:00 ; elapsed = 00:00:05 . Memory (MB): peak = 1003.039 ; gain = 0.000
INFO: [USF-XSim-69] 'elaborate' step finished in '6' seconds
INFO: [USF-XSim-4] XSim::Simulate design
INFO: [USF-XSim-61] Executing 'SIMULATE' step in 'G:/Documents/Tomas-Skurla/Digital-electronics-1/Labs/05-counter/counter/counter.sim/sim_1/behav/xsim'
INFO: [USF-XSim-98] *** Running xsim
   with args "tb_cnt_up_down_behav -key {Behavioral:sim_1:Functional:tb_cnt_up_down} -tclbatch {tb_cnt_up_down.tcl} -view {G:/Documents/Tomas-Skurla/Digital-electronics-1/Labs/05-counter/counter/tb_cnt_up_down_behav.wcfg} -log {simulate.log}"
INFO: [USF-XSim-8] Loading simulator feature
Vivado Simulator 2020.2
Time resolution is 1 ps
open_wave_config G:/Documents/Tomas-Skurla/Digital-electronics-1/Labs/05-counter/counter/tb_cnt_up_down_behav.wcfg
source tb_cnt_up_down.tcl
# set curr_wave [current_wave_config]
# if { [string length $curr_wave] == 0 } {
#   if { [llength [get_objects]] > 0} {
#     add_wave /
#     set_property needs_save false [current_wave_config]
#   } else {
#      send_msg_id Add_Wave-1 WARNING "No top level signals found. Simulator will start without a wave window. If you want to open a wave window go to 'File->New Waveform Configuration' or type 'create_wave_config' in the TCL console."
#   }
# }
# run 800ns
Note: Stimulus process started
Time: 0 ps  Iteration: 0  Process: /tb_cnt_up_down/p_stimulus  File: G:/Documents/Tomas-Skurla/Digital-electronics-1/Labs/05-counter/counter/counter.srcs/sim_1/new/tb_cnt_up_down.vhd
Note: Stimulus process finished
Time: 600 ns  Iteration: 0  Process: /tb_cnt_up_down/p_stimulus  File: G:/Documents/Tomas-Skurla/Digital-electronics-1/Labs/05-counter/counter/counter.srcs/sim_1/new/tb_cnt_up_down.vhd
INFO: [USF-XSim-96] XSim completed. Design snapshot 'tb_cnt_up_down_behav' loaded.
INFO: [USF-XSim-97] XSim simulation ran for 800ns
launch_simulation: Time (s): cpu = 00:00:04 ; elapsed = 00:00:10 . Memory (MB): peak = 1003.039 ; gain = 0.000
close_sim
INFO: [Simtcl 6-16] Simulation closed
launch_simulation
Command: launch_simulation 
INFO: [Vivado 12-5682] Launching behavioral simulation in 'G:/Documents/Tomas-Skurla/Digital-electronics-1/Labs/05-counter/counter/counter.sim/sim_1/behav/xsim'
INFO: [SIM-utils-51] Simulation object is 'sim_1'
INFO: [SIM-utils-54] Inspecting design source files for 'tb_cnt_up_down' in fileset 'sim_1'...
INFO: [USF-XSim-97] Finding global include files...
INFO: [USF-XSim-98] Fetching design files from 'sim_1'...
INFO: [USF-XSim-2] XSim::Compile design
INFO: [USF-XSim-61] Executing 'COMPILE and ANALYZE' step in 'G:/Documents/Tomas-Skurla/Digital-electronics-1/Labs/05-counter/counter/counter.sim/sim_1/behav/xsim'
"xvhdl --incr --relax -prj tb_cnt_up_down_vhdl.prj"
INFO: [USF-XSim-69] 'compile' step finished in '1' seconds
INFO: [USF-XSim-3] XSim::Elaborate design
INFO: [USF-XSim-61] Executing 'ELABORATE' step in 'G:/Documents/Tomas-Skurla/Digital-electronics-1/Labs/05-counter/counter/counter.sim/sim_1/behav/xsim'
"xelab -wto 95c761a228a5406887b7ed5b7635e84e --incr --debug typical --relax --mt 2 -L xil_defaultlib -L secureip --snapshot tb_cnt_up_down_behav xil_defaultlib.tb_cnt_up_down -log elaborate.log"
Vivado Simulator 2020.2
Copyright 1986-1999, 2001-2020 Xilinx, Inc. All Rights Reserved.
Running: D:/Xilinx/Vivado/2020.2/bin/unwrapped/win64.o/xelab.exe -wto 95c761a228a5406887b7ed5b7635e84e --incr --debug typical --relax --mt 2 -L xil_defaultlib -L secureip --snapshot tb_cnt_up_down_behav xil_defaultlib.tb_cnt_up_down -log elaborate.log 
Using 2 slave threads.
Starting static elaboration
Completed static elaboration
INFO: [XSIM 43-4323] No Change in HDL. Linking previously generated obj files to create kernel
INFO: [USF-XSim-69] 'elaborate' step finished in '2' seconds
INFO: [USF-XSim-4] XSim::Simulate design
INFO: [USF-XSim-61] Executing 'SIMULATE' step in 'G:/Documents/Tomas-Skurla/Digital-electronics-1/Labs/05-counter/counter/counter.sim/sim_1/behav/xsim'
INFO: [USF-XSim-98] *** Running xsim
   with args "tb_cnt_up_down_behav -key {Behavioral:sim_1:Functional:tb_cnt_up_down} -tclbatch {tb_cnt_up_down.tcl} -view {G:/Documents/Tomas-Skurla/Digital-electronics-1/Labs/05-counter/counter/tb_cnt_up_down_behav.wcfg} -log {simulate.log}"
INFO: [USF-XSim-8] Loading simulator feature
Vivado Simulator 2020.2
Time resolution is 1 ps
open_wave_config G:/Documents/Tomas-Skurla/Digital-electronics-1/Labs/05-counter/counter/tb_cnt_up_down_behav.wcfg
source tb_cnt_up_down.tcl
# set curr_wave [current_wave_config]
# if { [string length $curr_wave] == 0 } {
#   if { [llength [get_objects]] > 0} {
#     add_wave /
#     set_property needs_save false [current_wave_config]
#   } else {
#      send_msg_id Add_Wave-1 WARNING "No top level signals found. Simulator will start without a wave window. If you want to open a wave window go to 'File->New Waveform Configuration' or type 'create_wave_config' in the TCL console."
#   }
# }
# run 800ns
Note: Stimulus process started
Time: 0 ps  Iteration: 0  Process: /tb_cnt_up_down/p_stimulus  File: G:/Documents/Tomas-Skurla/Digital-electronics-1/Labs/05-counter/counter/counter.srcs/sim_1/new/tb_cnt_up_down.vhd
Note: Stimulus process finished
Time: 600 ns  Iteration: 0  Process: /tb_cnt_up_down/p_stimulus  File: G:/Documents/Tomas-Skurla/Digital-electronics-1/Labs/05-counter/counter/counter.srcs/sim_1/new/tb_cnt_up_down.vhd
INFO: [USF-XSim-96] XSim completed. Design snapshot 'tb_cnt_up_down_behav' loaded.
INFO: [USF-XSim-97] XSim simulation ran for 800ns
launch_simulation: Time (s): cpu = 00:00:04 ; elapsed = 00:00:06 . Memory (MB): peak = 1003.039 ; gain = 0.000
close_sim
INFO: [Simtcl 6-16] Simulation closed
exit
INFO: [Common 17-206] Exiting Vivado at Tue Mar 16 20:27:18 2021...
