#-----------------------------------------------------------
# Vivado v2020.2 (64-bit)
# SW Build 3064766 on Wed Nov 18 09:12:45 MST 2020
# IP Build 3064653 on Wed Nov 18 14:17:31 MST 2020
# Start of session at: Sun Feb 28 01:36:13 2021
# Process ID: 14128
# Current directory: G:/Documents/Tomas-Skurla/Digital-electronics-1/Labs/03-vivado/Solutions/multiplexer
# Command line: vivado.exe -gui_launcher_event rodinguilauncherevent6328 G:\Documents\Tomas-Skurla\Digital-electronics-1\Labs\03-vivado\Solutions\multiplexer\multiplexer.xpr
# Log file: G:/Documents/Tomas-Skurla/Digital-electronics-1/Labs/03-vivado/Solutions/multiplexer/vivado.log
# Journal file: G:/Documents/Tomas-Skurla/Digital-electronics-1/Labs/03-vivado/Solutions/multiplexer\vivado.jou
#-----------------------------------------------------------
start_gui
open_project G:/Documents/Tomas-Skurla/Digital-electronics-1/Labs/03-vivado/Solutions/multiplexer/multiplexer.xpr
INFO: [ProjectBase 1-489] The host OS only allows 260 characters in a normal path. The project is stored in a path with more than 80 characters. If you experience issues with IP, Block Designs, or files not being found, please consider moving the project to a location with a shorter path. Alternately consider using the OS subst command to map part of the path to a drive letter.
Current project path is 'G:/Documents/Tomas-Skurla/Digital-electronics-1/Labs/03-vivado/Solutions/multiplexer'
INFO: [Project 1-313] Project file moved from 'G:/Documents/Tomas-Skurla/Digital-electronics-1/Labs/03-vivado/multiplexer' since last save.
WARNING: [filemgmt 56-2] Default IP Output Path : Could not find the directory 'G:/Documents/Tomas-Skurla/Digital-electronics-1/Labs/03-vivado/Solutions/multiplexer/multiplexer.gen/sources_1', nor could it be found using path 'G:/Documents/Tomas-Skurla/Digital-electronics-1/Labs/03-vivado/multiplexer/multiplexer.gen/sources_1'.
Scanning sources...
Finished scanning sources
INFO: [IP_Flow 19-234] Refreshing IP repositories
INFO: [IP_Flow 19-1704] No user IP repositories specified
INFO: [IP_Flow 19-2313] Loaded Vivado IP repository 'D:/Xilinx/Vivado/2020.2/data/ip'.
open_project: Time (s): cpu = 00:00:12 ; elapsed = 00:00:05 . Memory (MB): peak = 1004.492 ; gain = 0.000
update_compile_order -fileset sources_1
launch_simulation
Command: launch_simulation 
INFO: [Vivado 12-5682] Launching behavioral simulation in 'G:/Documents/Tomas-Skurla/Digital-electronics-1/Labs/03-vivado/Solutions/multiplexer/multiplexer.sim/sim_1/behav/xsim'
INFO: [SIM-utils-51] Simulation object is 'sim_1'
INFO: [SIM-utils-54] Inspecting design source files for 'tb_mux_2bit_4to1' in fileset 'sim_1'...
INFO: [USF-XSim-97] Finding global include files...
INFO: [USF-XSim-98] Fetching design files from 'sim_1'...
INFO: [USF-XSim-2] XSim::Compile design
INFO: [USF-XSim-61] Executing 'COMPILE and ANALYZE' step in 'G:/Documents/Tomas-Skurla/Digital-electronics-1/Labs/03-vivado/Solutions/multiplexer/multiplexer.sim/sim_1/behav/xsim'
"xvhdl --incr --relax -prj tb_mux_2bit_4to1_vhdl.prj"
INFO: [VRFC 10-163] Analyzing VHDL file "G:/Documents/Tomas-Skurla/Digital-electronics-1/Labs/03-vivado/Solutions/multiplexer/multiplexer.srcs/sources_1/new/mux_2bit_4to1.vhd" into library xil_defaultlib
INFO: [VRFC 10-3107] analyzing entity 'mux_2bit_4to1'
INFO: [VRFC 10-163] Analyzing VHDL file "G:/Documents/Tomas-Skurla/Digital-electronics-1/Labs/03-vivado/Solutions/multiplexer/multiplexer.srcs/sim_1/new/tb_mux_2bit_4to1.vhd" into library xil_defaultlib
INFO: [VRFC 10-3107] analyzing entity 'tb_mux_2bit_4to1'
INFO: [USF-XSim-69] 'compile' step finished in '1' seconds
INFO: [USF-XSim-3] XSim::Elaborate design
INFO: [USF-XSim-61] Executing 'ELABORATE' step in 'G:/Documents/Tomas-Skurla/Digital-electronics-1/Labs/03-vivado/Solutions/multiplexer/multiplexer.sim/sim_1/behav/xsim'
"xelab -wto 92d441d8e7004632b008635029108661 --incr --debug typical --relax --mt 2 -L xil_defaultlib -L secureip --snapshot tb_mux_2bit_4to1_behav xil_defaultlib.tb_mux_2bit_4to1 -log elaborate.log"
Vivado Simulator 2020.2
Copyright 1986-1999, 2001-2020 Xilinx, Inc. All Rights Reserved.
Running: D:/Xilinx/Vivado/2020.2/bin/unwrapped/win64.o/xelab.exe -wto 92d441d8e7004632b008635029108661 --incr --debug typical --relax --mt 2 -L xil_defaultlib -L secureip --snapshot tb_mux_2bit_4to1_behav xil_defaultlib.tb_mux_2bit_4to1 -log elaborate.log 
Using 2 slave threads.
Starting static elaboration
Completed static elaboration
Starting simulation data flow analysis
Completed simulation data flow analysis
Time Resolution for simulation is 1ps
Compiling package std.standard
Compiling package std.textio
Compiling package ieee.std_logic_1164
Compiling architecture behavioral of entity xil_defaultlib.mux_2bit_4to1 [mux_2bit_4to1_default]
Compiling architecture testbench of entity xil_defaultlib.tb_mux_2bit_4to1
Built simulation snapshot tb_mux_2bit_4to1_behav
INFO: [USF-XSim-69] 'elaborate' step finished in '2' seconds
INFO: [USF-XSim-4] XSim::Simulate design
INFO: [USF-XSim-61] Executing 'SIMULATE' step in 'G:/Documents/Tomas-Skurla/Digital-electronics-1/Labs/03-vivado/Solutions/multiplexer/multiplexer.sim/sim_1/behav/xsim'
INFO: [USF-XSim-98] *** Running xsim
   with args "tb_mux_2bit_4to1_behav -key {Behavioral:sim_1:Functional:tb_mux_2bit_4to1} -tclbatch {tb_mux_2bit_4to1.tcl} -view {G:/Documents/Tomas-Skurla/Digital-electronics-1/Labs/03-vivado/Solutions/multiplexer/tb_mux_2bit_4to1_behav.wcfg} -log {simulate.log}"
INFO: [USF-XSim-8] Loading simulator feature
Vivado Simulator 2020.2
Time resolution is 1 ps
open_wave_config G:/Documents/Tomas-Skurla/Digital-electronics-1/Labs/03-vivado/Solutions/multiplexer/tb_mux_2bit_4to1_behav.wcfg
source tb_mux_2bit_4to1.tcl
# set curr_wave [current_wave_config]
# if { [string length $curr_wave] == 0 } {
#   if { [llength [get_objects]] > 0} {
#     add_wave /
#     set_property needs_save false [current_wave_config]
#   } else {
#      send_msg_id Add_Wave-1 WARNING "No top level signals found. Simulator will start without a wave window. If you want to open a wave window go to 'File->New Waveform Configuration' or type 'create_wave_config' in the TCL console."
#   }
# }
# run 1000ns
Note: Stimulus process started
Time: 0 ps  Iteration: 0  Process: /tb_mux_2bit_4to1/p_stimulus  File: G:/Documents/Tomas-Skurla/Digital-electronics-1/Labs/03-vivado/Solutions/multiplexer/multiplexer.srcs/sim_1/new/tb_mux_2bit_4to1.vhd
Note: Stimulus process finished
Time: 450 ns  Iteration: 0  Process: /tb_mux_2bit_4to1/p_stimulus  File: G:/Documents/Tomas-Skurla/Digital-electronics-1/Labs/03-vivado/Solutions/multiplexer/multiplexer.srcs/sim_1/new/tb_mux_2bit_4to1.vhd
INFO: [USF-XSim-96] XSim completed. Design snapshot 'tb_mux_2bit_4to1_behav' loaded.
INFO: [USF-XSim-97] XSim simulation ran for 1000ns
launch_simulation: Time (s): cpu = 00:00:06 ; elapsed = 00:00:07 . Memory (MB): peak = 1004.492 ; gain = 0.000
relaunch_sim
Command: launch_simulation -simset sim_1 -mode behavioral
INFO: [Vivado 12-5682] Launching behavioral simulation in 'G:/Documents/Tomas-Skurla/Digital-electronics-1/Labs/03-vivado/Solutions/multiplexer/multiplexer.sim/sim_1/behav/xsim'
INFO: [SIM-utils-51] Simulation object is 'sim_1'
INFO: [SIM-utils-54] Inspecting design source files for 'tb_mux_2bit_4to1' in fileset 'sim_1'...
INFO: [USF-XSim-97] Finding global include files...
INFO: [USF-XSim-98] Fetching design files from 'sim_1'...
INFO: [USF-XSim-2] XSim::Compile design
INFO: [USF-XSim-61] Executing 'COMPILE and ANALYZE' step in 'G:/Documents/Tomas-Skurla/Digital-electronics-1/Labs/03-vivado/Solutions/multiplexer/multiplexer.sim/sim_1/behav/xsim'
"xvhdl --incr --relax -prj tb_mux_2bit_4to1_vhdl.prj"
INFO: [VRFC 10-163] Analyzing VHDL file "G:/Documents/Tomas-Skurla/Digital-electronics-1/Labs/03-vivado/Solutions/multiplexer/multiplexer.srcs/sim_1/new/tb_mux_2bit_4to1.vhd" into library xil_defaultlib
INFO: [VRFC 10-3107] analyzing entity 'tb_mux_2bit_4to1'
INFO: [USF-XSim-69] 'compile' step finished in '2' seconds
Command: launch_simulation -simset sim_1 -mode behavioral
INFO: [Vivado 12-5682] Launching behavioral simulation in 'G:/Documents/Tomas-Skurla/Digital-electronics-1/Labs/03-vivado/Solutions/multiplexer/multiplexer.sim/sim_1/behav/xsim'
INFO: [USF-XSim-3] XSim::Elaborate design
INFO: [USF-XSim-61] Executing 'ELABORATE' step in 'G:/Documents/Tomas-Skurla/Digital-electronics-1/Labs/03-vivado/Solutions/multiplexer/multiplexer.sim/sim_1/behav/xsim'
"xelab -wto 92d441d8e7004632b008635029108661 --incr --debug typical --relax --mt 2 -L xil_defaultlib -L secureip --snapshot tb_mux_2bit_4to1_behav xil_defaultlib.tb_mux_2bit_4to1 -log elaborate.log"
Vivado Simulator 2020.2
Copyright 1986-1999, 2001-2020 Xilinx, Inc. All Rights Reserved.
Running: D:/Xilinx/Vivado/2020.2/bin/unwrapped/win64.o/xelab.exe -wto 92d441d8e7004632b008635029108661 --incr --debug typical --relax --mt 2 -L xil_defaultlib -L secureip --snapshot tb_mux_2bit_4to1_behav xil_defaultlib.tb_mux_2bit_4to1 -log elaborate.log 
Using 2 slave threads.
Starting static elaboration
Completed static elaboration
Starting simulation data flow analysis
Completed simulation data flow analysis
Time Resolution for simulation is 1ps
Compiling package std.standard
Compiling package std.textio
Compiling package ieee.std_logic_1164
Compiling architecture behavioral of entity xil_defaultlib.mux_2bit_4to1 [mux_2bit_4to1_default]
Compiling architecture testbench of entity xil_defaultlib.tb_mux_2bit_4to1
Built simulation snapshot tb_mux_2bit_4to1_behav
INFO: [USF-XSim-69] 'elaborate' step finished in '2' seconds
Vivado Simulator 2020.2
Time resolution is 1 ps
Note: Stimulus process started
Time: 0 ps  Iteration: 0  Process: /tb_mux_2bit_4to1/p_stimulus  File: G:/Documents/Tomas-Skurla/Digital-electronics-1/Labs/03-vivado/Solutions/multiplexer/multiplexer.srcs/sim_1/new/tb_mux_2bit_4to1.vhd
Note: Stimulus process finished
Time: 450 ns  Iteration: 0  Process: /tb_mux_2bit_4to1/p_stimulus  File: G:/Documents/Tomas-Skurla/Digital-electronics-1/Labs/03-vivado/Solutions/multiplexer/multiplexer.srcs/sim_1/new/tb_mux_2bit_4to1.vhd
relaunch_sim: Time (s): cpu = 00:00:02 ; elapsed = 00:00:07 . Memory (MB): peak = 1004.492 ; gain = 0.000
close_sim
INFO: [Simtcl 6-16] Simulation closed
exit
INFO: [Common 17-206] Exiting Vivado at Sun Feb 28 02:03:18 2021...
