#-----------------------------------------------------------
# Vivado v2020.2 (64-bit)
# SW Build 3064766 on Wed Nov 18 09:12:45 MST 2020
# IP Build 3064653 on Wed Nov 18 14:17:31 MST 2020
# Start of session at: Tue Mar 30 19:35:36 2021
# Process ID: 13624
# Current directory: G:/Documents/Tomas-Skurla/Digital-electronics-1/Labs/07-ffs/07/07-ffs
# Command line: vivado.exe -gui_launcher_event rodinguilauncherevent13192 G:\Documents\Tomas-Skurla\Digital-electronics-1\Labs\07-ffs\07\07-ffs\07-ffs.xpr
# Log file: G:/Documents/Tomas-Skurla/Digital-electronics-1/Labs/07-ffs/07/07-ffs/vivado.log
# Journal file: G:/Documents/Tomas-Skurla/Digital-electronics-1/Labs/07-ffs/07/07-ffs\vivado.jou
#-----------------------------------------------------------
start_gui
open_project G:/Documents/Tomas-Skurla/Digital-electronics-1/Labs/07-ffs/07/07-ffs/07-ffs.xpr
WARNING: [filemgmt 56-3] Default IP Output Path : Could not find the directory 'G:/Documents/Tomas-Skurla/Digital-electronics-1/Labs/07-ffs/07/07-ffs/07-ffs.gen/sources_1'.
Scanning sources...
Finished scanning sources
INFO: [IP_Flow 19-234] Refreshing IP repositories
INFO: [IP_Flow 19-1704] No user IP repositories specified
INFO: [IP_Flow 19-2313] Loaded Vivado IP repository 'D:/Xilinx/Vivado/2020.2/data/ip'.
update_compile_order -fileset sources_1
exit
INFO: [Common 17-206] Exiting Vivado at Tue Mar 30 19:36:01 2021...
